Using pre-set license
Built from '2021.3/staging' branch; Version is '2021.3.24f1 (cf10dcf7010d) revision 13570268'; Using compiler version '192829333'; Build Type 'Release'
OS: 'Windows 11  (10.0.23451) 64bit Professional' Language: 'en' Physical Memory: 261975 MB
BatchMode: 1, IsHumanControllingUs: 0, StartBugReporterOnCrash: 0, Is64bit: 1, IsPro: 1

COMMAND LINE ARGUMENTS:
C:\Program Files\Unity\Hub\Editor\2021.3.24f1\Editor\Unity.exe
-adb2
-batchMode
-noUpm
-name
AssetImportWorker1
-projectPath
D:/Unity Projects/phowobos/Gaem
-logFile
Logs/AssetImportWorker1.log
-srvPort
51911
Successfully changed project path to: D:/Unity Projects/phowobos/Gaem
D:/Unity Projects/phowobos/Gaem
[UnityMemory] Configuration Parameters - Can be set up in boot.config
    "memorysetup-bucket-allocator-granularity=16"
    "memorysetup-bucket-allocator-bucket-count=8"
    "memorysetup-bucket-allocator-block-size=33554432"
    "memorysetup-bucket-allocator-block-count=8"
    "memorysetup-main-allocator-block-size=16777216"
    "memorysetup-thread-allocator-block-size=16777216"
    "memorysetup-gfx-main-allocator-block-size=16777216"
    "memorysetup-gfx-thread-allocator-block-size=16777216"
    "memorysetup-cache-allocator-block-size=4194304"
    "memorysetup-typetree-allocator-block-size=2097152"
    "memorysetup-profiler-bucket-allocator-granularity=16"
    "memorysetup-profiler-bucket-allocator-bucket-count=8"
    "memorysetup-profiler-bucket-allocator-block-size=33554432"
    "memorysetup-profiler-bucket-allocator-block-count=8"
    "memorysetup-profiler-allocator-block-size=16777216"
    "memorysetup-profiler-editor-allocator-block-size=1048576"
    "memorysetup-temp-allocator-size-main=16777216"
    "memorysetup-job-temp-allocator-block-size=2097152"
    "memorysetup-job-temp-allocator-block-size-background=1048576"
    "memorysetup-job-temp-allocator-reduction-small-platforms=262144"
    "memorysetup-temp-allocator-size-background-worker=32768"
    "memorysetup-temp-allocator-size-job-worker=262144"
    "memorysetup-temp-allocator-size-preload-manager=33554432"
    "memorysetup-temp-allocator-size-nav-mesh-worker=65536"
    "memorysetup-temp-allocator-size-audio-worker=65536"
    "memorysetup-temp-allocator-size-cloud-worker=32768"
    "memorysetup-temp-allocator-size-gi-baking-worker=262144"
    "memorysetup-temp-allocator-size-gfx=262144"
Player connection [40660] Host "[IP] 192.168.0.21 [Port] 0 [Flags] 2 [Guid] 10305636 [EditorId] 10305636 [Version] 1048832 [Id] WindowsEditor(7,DraePC-Pro) [Debug] 1 [PackageName] WindowsEditor [ProjectName] Editor" joined multi-casting on [225.0.0.222:54997]...

Player connection [40660] Host "[IP] 192.168.0.21 [Port] 0 [Flags] 2 [Guid] 10305636 [EditorId] 10305636 [Version] 1048832 [Id] WindowsEditor(7,DraePC-Pro) [Debug] 1 [PackageName] WindowsEditor [ProjectName] Editor" joined alternative multi-casting on [225.0.0.222:34997]...

Refreshing native plugins compatible for Editor in 151.66 ms, found 4 plugins.
Preloading 0 native plugins for Editor in 0.00 ms.
Initialize engine version: 2021.3.24f1 (cf10dcf7010d)
[Subsystems] Discovering subsystems at path C:/Program Files/Unity/Hub/Editor/2021.3.24f1/Editor/Data/Resources/UnitySubsystems
[Subsystems] Discovering subsystems at path D:/Unity Projects/phowobos/Gaem/Assets
GfxDevice: creating device client; threaded=0; jobified=0
Direct3D:
    Version:  Direct3D 11.0 [level 11.1]
    Renderer: NVIDIA GeForce RTX 3090 (ID=0x2204)
    Vendor:   NVIDIA
    VRAM:     24348 MB
    Driver:   27.21.14.5671
Initialize mono
Mono path[0] = 'C:/Program Files/Unity/Hub/Editor/2021.3.24f1/Editor/Data/Managed'
Mono path[1] = 'C:/Program Files/Unity/Hub/Editor/2021.3.24f1/Editor/Data/MonoBleedingEdge/lib/mono/unityjit-win32'
Mono config path = 'C:/Program Files/Unity/Hub/Editor/2021.3.24f1/Editor/Data/MonoBleedingEdge/etc'
Using monoOptions --debugger-agent=transport=dt_socket,embedding=1,server=y,suspend=n,address=127.0.0.1:56104
Begin MonoManager ReloadAssembly
Registering precompiled unity dll's ...
Register platform support module: C:/Program Files/Unity/Hub/Editor/2021.3.24f1/Editor/Data/PlaybackEngines/WebGLSupport/UnityEditor.WebGL.Extensions.dll
Register platform support module: C:/Program Files/Unity/Hub/Editor/2021.3.24f1/Editor/Data/PlaybackEngines/MacStandaloneSupport/UnityEditor.OSXStandalone.Extensions.dll
Register platform support module: C:/Program Files/Unity/Hub/Editor/2021.3.24f1/Editor/Data/PlaybackEngines/AndroidPlayer/UnityEditor.Android.Extensions.dll
Register platform support module: C:/Program Files/Unity/Hub/Editor/2021.3.24f1/Editor/Data/PlaybackEngines/iOSSupport/UnityEditor.iOS.Extensions.dll
Register platform support module: C:/Program Files/Unity/Hub/Editor/2021.3.24f1/Editor/Data/PlaybackEngines/AppleTVSupport/UnityEditor.AppleTV.Extensions.dll
Register platform support module: C:/Program Files/Unity/Hub/Editor/2021.3.24f1/Editor/Data/PlaybackEngines/WindowsStandaloneSupport/UnityEditor.WindowsStandalone.Extensions.dll
Register platform support module: C:/Program Files/Unity/Hub/Editor/2021.3.24f1/Editor/Data/PlaybackEngines/LinuxStandaloneSupport/UnityEditor.LinuxStandalone.Extensions.dll
Register platform support module: C:/Program Files/Unity/Hub/Editor/2021.3.24f1/Editor/Data/PlaybackEngines/MetroSupport/UnityEditor.UWP.Extensions.dll
Registered in 0.008763 seconds.
Native extension for UWP target not found
Native extension for LinuxStandalone target not found
Native extension for WindowsStandalone target not found
[usbmuxd] Start listen thread
[usbmuxd] Listen thread started
[usbmuxd] Send listen message
Native extension for AppleTV target not found
[usbmuxd] Attached: 3 230d41cf59368205f5ea04215f7652aac47328e1
[usbmuxd] Start listen thread
[usbmuxd] Listen thread started
[usbmuxd] Send listen message
Native extension for iOS target not found
[usbmuxd] Attached: 3 230d41cf59368205f5ea04215f7652aac47328e1
Native extension for Android target not found
Android Extension - Scanning For ADB Devices 324 ms
Native extension for OSXStandalone target not found
Native extension for WebGL target not found
Refreshing native plugins compatible for Editor in 87.53 ms, found 4 plugins.
Preloading 0 native plugins for Editor in 0.00 ms.
Mono: successfully reloaded assembly
- Completed reload, in  1.422 seconds
Domain Reload Profiling:
	ReloadAssembly (1423ms)
		BeginReloadAssembly (240ms)
			ExecutionOrderSort (0ms)
			DisableScriptedObjects (0ms)
			BackupInstance (0ms)
			ReleaseScriptingObjects (0ms)
			CreateAndSetChildDomain (1ms)
		EndReloadAssembly (1039ms)
			LoadAssemblies (248ms)
			RebuildTransferFunctionScriptingTraits (0ms)
			SetupTypeCache (209ms)
			ReleaseScriptCaches (0ms)
			RebuildScriptCaches (32ms)
			SetupLoadedEditorAssemblies (730ms)
				LogAssemblyErrors (0ms)
				InitializePlatformSupportModulesInManaged (444ms)
				SetLoadedEditorAssemblies (0ms)
				RefreshPlugins (88ms)
				BeforeProcessingInitializeOnLoad (2ms)
				ProcessInitializeOnLoadAttributes (138ms)
				ProcessInitializeOnLoadMethodAttributes (58ms)
				AfterProcessingInitializeOnLoad (0ms)
				EditorAssembliesLoaded (0ms)
			ExecutionOrderSort2 (0ms)
			AwakeInstancesAfterBackupRestoration (0ms)
Platform modules already initialized, skipping
Registering precompiled user dll's ...
Registered in 0.004241 seconds.
Begin MonoManager ReloadAssembly
Symbol file LoadedFromMemory doesn't match image D:\Unity Projects\phowobos\Gaem\Library\PackageCache\com.unity.visualscripting@1.8.0\Editor\VisualScripting.Core\Dependencies\YamlDotNet\Unity.VisualScripting.YamlDotNet.dll
Symbol file LoadedFromMemory doesn't match image D:\Unity Projects\phowobos\Gaem\Library\PackageCache\com.unity.visualscripting@1.8.0\Editor\VisualScripting.Core\Dependencies\DotNetZip\Unity.VisualScripting.IonicZip.dll
Native extension for UWP target not found
Native extension for LinuxStandalone target not found
Native extension for WindowsStandalone target not found
Native extension for AppleTV target not found
Native extension for iOS target not found
Native extension for Android target not found
Native extension for OSXStandalone target not found
Native extension for WebGL target not found
Refreshing native plugins compatible for Editor in 83.31 ms, found 4 plugins.
Preloading 0 native plugins for Editor in 0.00 ms.
Mono: successfully reloaded assembly
- Completed reload, in  1.747 seconds
Domain Reload Profiling:
	ReloadAssembly (1748ms)
		BeginReloadAssembly (122ms)
			ExecutionOrderSort (0ms)
			DisableScriptedObjects (6ms)
			BackupInstance (0ms)
			ReleaseScriptingObjects (0ms)
			CreateAndSetChildDomain (24ms)
		EndReloadAssembly (1487ms)
			LoadAssemblies (219ms)
			RebuildTransferFunctionScriptingTraits (0ms)
			SetupTypeCache (587ms)
			ReleaseScriptCaches (1ms)
			RebuildScriptCaches (69ms)
			SetupLoadedEditorAssemblies (539ms)
				LogAssemblyErrors (0ms)
				InitializePlatformSupportModulesInManaged (38ms)
				SetLoadedEditorAssemblies (0ms)
				RefreshPlugins (83ms)
				BeforeProcessingInitializeOnLoad (91ms)
				ProcessInitializeOnLoadAttributes (288ms)
				ProcessInitializeOnLoadMethodAttributes (33ms)
				AfterProcessingInitializeOnLoad (6ms)
				EditorAssembliesLoaded (0ms)
			ExecutionOrderSort2 (0ms)
			AwakeInstancesAfterBackupRestoration (5ms)
Platform modules already initialized, skipping
========================================================================
Worker process is ready to serve import requests
Launched and connected shader compiler UnityShaderCompiler.exe after 0.14 seconds
Refreshing native plugins compatible for Editor in 0.71 ms, found 4 plugins.
Preloading 0 native plugins for Editor in 0.00 ms.
Unloading 3747 Unused Serialized files (Serialized files now loaded: 0)
Unloading 35 unused Assets / (56.1 KB). Loaded Objects now: 4208.
Memory consumption went from 143.3 MB to 143.2 MB.
Total: 7.840300 ms (FindLiveObjects: 0.352600 ms CreateObjectMapping: 0.102900 ms MarkObjects: 7.286000 ms  DeleteObjects: 0.097600 ms)

AssetImportParameters requested are different than current active one (requested -> active):
  custom:video-decoder-ogg-theora: a1e56fd34408186e4bbccfd4996cb3dc -> 
  custom:container-muxer-webm: aa71ff27fc2769a1b78a27578f13a17b -> 
  custom:container-demuxer-webm: 4f35f7cbe854078d1ac9338744f61a02 -> 
  custom:video-encoder-webm-vp8: eb34c28f22e8b96e1ab97ce403110664 -> 
  custom:audio-encoder-webm-vorbis: bf7c407c2cedff20999df2af8eb42d56 -> 
  custom:framework-win-MediaFoundation: 216162199b28c13a410421893ffa2e32 -> 
  custom:container-demuxer-ogg: 62fdf1f143b41e24485cea50d1cbac27 -> 
  custom:video-decoder-webm-vp8: 9c59270c3fd7afecdb556c50c9e8de78 -> 
  custom:audio-decoder-ogg-vorbis: bf7c407c2cedff20999df2af8eb42d56 -> 
========================================================================
Received Import Request.
  Time since last request: 264826.996744 seconds.
  path: Assets/HELLBERG/2D Swords & Guns Weapon Pack/2D Swords & Guns/Volume1 - Swords & Guns/Sprites/Guns/gun_1.png
  artifactKey: Guid(a3a887ed2e9d98c4491fb48cea707693) Importer(815301076,1909f56bfc062723c751e8b465ee728b)
Start importing Assets/HELLBERG/2D Swords & Guns Weapon Pack/2D Swords & Guns/Volume1 - Swords & Guns/Sprites/Guns/gun_1.png using Guid(a3a887ed2e9d98c4491fb48cea707693) Importer(815301076,1909f56bfc062723c751e8b465ee728b)  -> (artifact id: '6ae13bf4017148a7e11f08a04570add9') in 0.170879 seconds 
========================================================================
Received Import Request.
  Time since last request: 0.000033 seconds.
  path: Assets/HELLBERG/2D Swords & Guns Weapon Pack/2D Swords & Guns/Volume1 - Swords & Guns/Sprites/Guns/gun_21.png
  artifactKey: Guid(90bd09e098a0bb84e9737d50bf4b703d) Importer(815301076,1909f56bfc062723c751e8b465ee728b)
Start importing Assets/HELLBERG/2D Swords & Guns Weapon Pack/2D Swords & Guns/Volume1 - Swords & Guns/Sprites/Guns/gun_21.png using Guid(90bd09e098a0bb84e9737d50bf4b703d) Importer(815301076,1909f56bfc062723c751e8b465ee728b)  -> (artifact id: '3da8a15b5c21dda254856bdec0134867') in 0.036285 seconds 
========================================================================
Received Import Request.
  Time since last request: 0.000049 seconds.
  path: Assets/HELLBERG/2D Swords & Guns Weapon Pack/2D Swords & Guns/Volume1 - Swords & Guns/Sprites/Guns/gun_25.png
  artifactKey: Guid(9bf381f84f2b2054a86e9a5869a39391) Importer(815301076,1909f56bfc062723c751e8b465ee728b)
Start importing Assets/HELLBERG/2D Swords & Guns Weapon Pack/2D Swords & Guns/Volume1 - Swords & Guns/Sprites/Guns/gun_25.png using Guid(9bf381f84f2b2054a86e9a5869a39391) Importer(815301076,1909f56bfc062723c751e8b465ee728b)  -> (artifact id: '570f1fda64252aa46754711372fd9bc6') in 0.025748 seconds 
========================================================================
Received Import Request.
  Time since last request: 0.000017 seconds.
  path: Assets/HELLBERG/2D Swords & Guns Weapon Pack/2D Swords & Guns/Volume1 - Swords & Guns/Sprites/Guns/gun_2.png
  artifactKey: Guid(50afb1177cbf9364bb04b288e2e569ac) Importer(815301076,1909f56bfc062723c751e8b465ee728b)
Start importing Assets/HELLBERG/2D Swords & Guns Weapon Pack/2D Swords & Guns/Volume1 - Swords & Guns/Sprites/Guns/gun_2.png using Guid(50afb1177cbf9364bb04b288e2e569ac) Importer(815301076,1909f56bfc062723c751e8b465ee728b)  -> (artifact id: '4f159765bd346d1795f5faeae3341565') in 0.025342 seconds 
========================================================================
Received Import Request.
  Time since last request: 0.000025 seconds.
  path: Assets/HELLBERG/2D Swords & Guns Weapon Pack/2D Swords & Guns/Volume1 - Swords & Guns/Sprites/Guns/gun_5.png
  artifactKey: Guid(859adcab91b9f604e90b85bf1705a0a6) Importer(815301076,1909f56bfc062723c751e8b465ee728b)
Start importing Assets/HELLBERG/2D Swords & Guns Weapon Pack/2D Swords & Guns/Volume1 - Swords & Guns/Sprites/Guns/gun_5.png using Guid(859adcab91b9f604e90b85bf1705a0a6) Importer(815301076,1909f56bfc062723c751e8b465ee728b)  -> (artifact id: 'c102cfd341e3f3123cda697ebb1c8d88') in 0.025281 seconds 
========================================================================
Received Import Request.
  Time since last request: 0.000022 seconds.
  path: Assets/HELLBERG/2D Swords & Guns Weapon Pack/2D Swords & Guns/Volume1 - Swords & Guns/Sprites/Guns/gun_17.png
  artifactKey: Guid(48515fca24e3c734cb1b187f9678f280) Importer(815301076,1909f56bfc062723c751e8b465ee728b)
Start importing Assets/HELLBERG/2D Swords & Guns Weapon Pack/2D Swords & Guns/Volume1 - Swords & Guns/Sprites/Guns/gun_17.png using Guid(48515fca24e3c734cb1b187f9678f280) Importer(815301076,1909f56bfc062723c751e8b465ee728b)  -> (artifact id: '48ce31ba504f535c791e3a32785ca34a') in 0.019538 seconds 
========================================================================
Received Import Request.
  Time since last request: 0.000027 seconds.
  path: Assets/HELLBERG/2D Swords & Guns Weapon Pack/2D Swords & Guns/Volume1 - Swords & Guns/Sprites/Guns/gun_24.png
  artifactKey: Guid(cc523abd886f9d14da05b823a6893812) Importer(815301076,1909f56bfc062723c751e8b465ee728b)
Start importing Assets/HELLBERG/2D Swords & Guns Weapon Pack/2D Swords & Guns/Volume1 - Swords & Guns/Sprites/Guns/gun_24.png using Guid(cc523abd886f9d14da05b823a6893812) Importer(815301076,1909f56bfc062723c751e8b465ee728b)  -> (artifact id: 'f337f2a8d570e4bfdc552e39244d67fb') in 0.016797 seconds 
========================================================================
Received Import Request.
  Time since last request: 0.000027 seconds.
  path: Assets/HELLBERG/2D Swords & Guns Weapon Pack/2D Swords & Guns/Volume1 - Swords & Guns/Sprites/Guns/gun_12.png
  artifactKey: Guid(c3a5915a70db95b4aac5d91c1b338fbd) Importer(815301076,1909f56bfc062723c751e8b465ee728b)
Start importing Assets/HELLBERG/2D Swords & Guns Weapon Pack/2D Swords & Guns/Volume1 - Swords & Guns/Sprites/Guns/gun_12.png using Guid(c3a5915a70db95b4aac5d91c1b338fbd) Importer(815301076,1909f56bfc062723c751e8b465ee728b)  -> (artifact id: '1fba45b80e482df9163b161a2f8e06a0') in 0.022905 seconds 
========================================================================
Received Import Request.
  Time since last request: 0.000027 seconds.
  path: Assets/HELLBERG/2D Swords & Guns Weapon Pack/2D Swords & Guns/Volume1 - Swords & Guns/Sprites/Guns/gun_3.png
  artifactKey: Guid(c6697bb39bdb54b45929a0d9f18bcdcb) Importer(815301076,1909f56bfc062723c751e8b465ee728b)
Start importing Assets/HELLBERG/2D Swords & Guns Weapon Pack/2D Swords & Guns/Volume1 - Swords & Guns/Sprites/Guns/gun_3.png using Guid(c6697bb39bdb54b45929a0d9f18bcdcb) Importer(815301076,1909f56bfc062723c751e8b465ee728b)  -> (artifact id: '7deb16d626803a7241cb5f67194c5fd5') in 0.021642 seconds 
========================================================================
Received Import Request.
  Time since last request: 0.000028 seconds.
  path: Assets/HELLBERG/2D Swords & Guns Weapon Pack/2D Swords & Guns/Volume1 - Swords & Guns/Sprites/Guns/gun_18.png
  artifactKey: Guid(7384fcaf8dcc9384b8faa730110198eb) Importer(815301076,1909f56bfc062723c751e8b465ee728b)
Start importing Assets/HELLBERG/2D Swords & Guns Weapon Pack/2D Swords & Guns/Volume1 - Swords & Guns/Sprites/Guns/gun_18.png using Guid(7384fcaf8dcc9384b8faa730110198eb) Importer(815301076,1909f56bfc062723c751e8b465ee728b)  -> (artifact id: '7308159ba4ab8e8b8a9bfc7e89cb0ac9') in 0.019355 seconds 
========================================================================
Received Import Request.
  Time since last request: 0.000032 seconds.
  path: Assets/HELLBERG/2D Swords & Guns Weapon Pack/2D Swords & Guns/Volume1 - Swords & Guns/Sprites/Guns/gun_13.png
  artifactKey: Guid(b769124304e9e32488840e710c1b0501) Importer(815301076,1909f56bfc062723c751e8b465ee728b)
Start importing Assets/HELLBERG/2D Swords & Guns Weapon Pack/2D Swords & Guns/Volume1 - Swords & Guns/Sprites/Guns/gun_13.png using Guid(b769124304e9e32488840e710c1b0501) Importer(815301076,1909f56bfc062723c751e8b465ee728b)  -> (artifact id: '63ec1d52c7a38ad306ece8e9fade162a') in 0.023710 seconds 
Editor requested this worker to shutdown with reason: Scaling down because of idle timeout
AssetImportWorker is now disconnected from the server
Process exiting
Exiting without the bug reporter. Application will terminate with return code 0