Using pre-set license
Built from '2021.3/staging' branch; Version is '2021.3.24f1 (cf10dcf7010d) revision 13570268'; Using compiler version '192829333'; Build Type 'Release'
OS: 'Windows 11  (10.0.23451) 64bit Professional' Language: 'en' Physical Memory: 261975 MB
BatchMode: 1, IsHumanControllingUs: 0, StartBugReporterOnCrash: 0, Is64bit: 1, IsPro: 1

COMMAND LINE ARGUMENTS:
C:\Program Files\Unity\Hub\Editor\2021.3.24f1\Editor\Unity.exe
-adb2
-batchMode
-noUpm
-name
AssetImportWorker0
-projectPath
D:/Unity Projects/phowobos/Gaem
-logFile
Logs/AssetImportWorker0.log
-srvPort
<<<<<<< HEAD
60403
Successfully changed project path to: E:/Create With Code 2/phowobos/Gaem
E:/Create With Code 2/phowobos/Gaem
=======
51911
Successfully changed project path to: D:/Unity Projects/phowobos/Gaem
D:/Unity Projects/phowobos/Gaem
>>>>>>> 0a20391f08465245f6ad1589cc781bbb01a47fd8
[UnityMemory] Configuration Parameters - Can be set up in boot.config
    "memorysetup-bucket-allocator-granularity=16"
    "memorysetup-bucket-allocator-bucket-count=8"
    "memorysetup-bucket-allocator-block-size=33554432"
    "memorysetup-bucket-allocator-block-count=8"
    "memorysetup-main-allocator-block-size=16777216"
    "memorysetup-thread-allocator-block-size=16777216"
    "memorysetup-gfx-main-allocator-block-size=16777216"
    "memorysetup-gfx-thread-allocator-block-size=16777216"
    "memorysetup-cache-allocator-block-size=4194304"
    "memorysetup-typetree-allocator-block-size=2097152"
    "memorysetup-profiler-bucket-allocator-granularity=16"
    "memorysetup-profiler-bucket-allocator-bucket-count=8"
    "memorysetup-profiler-bucket-allocator-block-size=33554432"
    "memorysetup-profiler-bucket-allocator-block-count=8"
    "memorysetup-profiler-allocator-block-size=16777216"
    "memorysetup-profiler-editor-allocator-block-size=1048576"
    "memorysetup-temp-allocator-size-main=16777216"
    "memorysetup-job-temp-allocator-block-size=2097152"
    "memorysetup-job-temp-allocator-block-size-background=1048576"
    "memorysetup-job-temp-allocator-reduction-small-platforms=262144"
    "memorysetup-temp-allocator-size-background-worker=32768"
    "memorysetup-temp-allocator-size-job-worker=262144"
    "memorysetup-temp-allocator-size-preload-manager=33554432"
    "memorysetup-temp-allocator-size-nav-mesh-worker=65536"
    "memorysetup-temp-allocator-size-audio-worker=65536"
    "memorysetup-temp-allocator-size-cloud-worker=32768"
    "memorysetup-temp-allocator-size-gi-baking-worker=262144"
    "memorysetup-temp-allocator-size-gfx=262144"
<<<<<<< HEAD
Player connection [36328] Host "[IP] 192.168.0.234 [Port] 0 [Flags] 2 [Guid] 2901427375 [EditorId] 2901427375 [Version] 1048832 [Id] WindowsEditor(7,DraePC) [Debug] 1 [PackageName] WindowsEditor [ProjectName] Editor" joined multi-casting on [225.0.0.222:54997]...

Player connection [36328] Host "[IP] 192.168.0.234 [Port] 0 [Flags] 2 [Guid] 2901427375 [EditorId] 2901427375 [Version] 1048832 [Id] WindowsEditor(7,DraePC) [Debug] 1 [PackageName] WindowsEditor [ProjectName] Editor" joined alternative multi-casting on [225.0.0.222:34997]...

Refreshing native plugins compatible for Editor in 187.35 ms, found 4 plugins.
=======
Player connection [45376] Host "[IP] 192.168.0.21 [Port] 0 [Flags] 2 [Guid] 1964916908 [EditorId] 1964916908 [Version] 1048832 [Id] WindowsEditor(7,DraePC-Pro) [Debug] 1 [PackageName] WindowsEditor [ProjectName] Editor" joined multi-casting on [225.0.0.222:54997]...

Player connection [45376] Host "[IP] 192.168.0.21 [Port] 0 [Flags] 2 [Guid] 1964916908 [EditorId] 1964916908 [Version] 1048832 [Id] WindowsEditor(7,DraePC-Pro) [Debug] 1 [PackageName] WindowsEditor [ProjectName] Editor" joined alternative multi-casting on [225.0.0.222:34997]...

Refreshing native plugins compatible for Editor in 80.71 ms, found 4 plugins.
>>>>>>> 0a20391f08465245f6ad1589cc781bbb01a47fd8
Preloading 0 native plugins for Editor in 0.00 ms.
Initialize engine version: 2021.3.24f1 (cf10dcf7010d)
[Subsystems] Discovering subsystems at path C:/Program Files/Unity/Hub/Editor/2021.3.24f1/Editor/Data/Resources/UnitySubsystems
[Subsystems] Discovering subsystems at path D:/Unity Projects/phowobos/Gaem/Assets
GfxDevice: creating device client; threaded=0; jobified=0
Direct3D:
    Version:  Direct3D 11.0 [level 11.1]
    Renderer: NVIDIA GeForce RTX 3090 (ID=0x2204)
    Vendor:   NVIDIA
    VRAM:     24348 MB
    Driver:   27.21.14.5671
Initialize mono
Mono path[0] = 'C:/Program Files/Unity/Hub/Editor/2021.3.24f1/Editor/Data/Managed'
Mono path[1] = 'C:/Program Files/Unity/Hub/Editor/2021.3.24f1/Editor/Data/MonoBleedingEdge/lib/mono/unityjit-win32'
Mono config path = 'C:/Program Files/Unity/Hub/Editor/2021.3.24f1/Editor/Data/MonoBleedingEdge/etc'
<<<<<<< HEAD
Using monoOptions --debugger-agent=transport=dt_socket,embedding=1,server=y,suspend=n,address=127.0.0.1:56616
=======
Using monoOptions --debugger-agent=transport=dt_socket,embedding=1,server=y,suspend=n,address=127.0.0.1:56972
>>>>>>> 0a20391f08465245f6ad1589cc781bbb01a47fd8
Begin MonoManager ReloadAssembly
Registering precompiled unity dll's ...
Register platform support module: C:/Program Files/Unity/Hub/Editor/2021.3.24f1/Editor/Data/PlaybackEngines/WebGLSupport/UnityEditor.WebGL.Extensions.dll
Register platform support module: C:/Program Files/Unity/Hub/Editor/2021.3.24f1/Editor/Data/PlaybackEngines/MacStandaloneSupport/UnityEditor.OSXStandalone.Extensions.dll
Register platform support module: C:/Program Files/Unity/Hub/Editor/2021.3.24f1/Editor/Data/PlaybackEngines/AndroidPlayer/UnityEditor.Android.Extensions.dll
Register platform support module: C:/Program Files/Unity/Hub/Editor/2021.3.24f1/Editor/Data/PlaybackEngines/iOSSupport/UnityEditor.iOS.Extensions.dll
Register platform support module: C:/Program Files/Unity/Hub/Editor/2021.3.24f1/Editor/Data/PlaybackEngines/AppleTVSupport/UnityEditor.AppleTV.Extensions.dll
Register platform support module: C:/Program Files/Unity/Hub/Editor/2021.3.24f1/Editor/Data/PlaybackEngines/WindowsStandaloneSupport/UnityEditor.WindowsStandalone.Extensions.dll
Register platform support module: C:/Program Files/Unity/Hub/Editor/2021.3.24f1/Editor/Data/PlaybackEngines/LinuxStandaloneSupport/UnityEditor.LinuxStandalone.Extensions.dll
Register platform support module: C:/Program Files/Unity/Hub/Editor/2021.3.24f1/Editor/Data/PlaybackEngines/MetroSupport/UnityEditor.UWP.Extensions.dll
<<<<<<< HEAD
Registered in 0.414422 seconds.
=======
Registered in 0.008454 seconds.
>>>>>>> 0a20391f08465245f6ad1589cc781bbb01a47fd8
Native extension for UWP target not found
Native extension for LinuxStandalone target not found
Native extension for WindowsStandalone target not found
[usbmuxd] Start listen thread
[usbmuxd] Listen thread started
Native extension for AppleTV target not found
[usbmuxd] Send listen message
[usbmuxd] Attached: 3 230d41cf59368205f5ea04215f7652aac47328e1
[usbmuxd] Start listen thread
Native extension for iOS target not found
[usbmuxd] Listen thread started
[usbmuxd] Send listen message
[usbmuxd] Attached: 3 230d41cf59368205f5ea04215f7652aac47328e1
Native extension for Android target not found
<<<<<<< HEAD
Android SDK Build-tools component is not found. Make sure all tools are installed in the SDK manager. Latest supported build-tools version is 30.0.3
UnityEngine.StackTraceUtility:ExtractStackTrace ()
UnityEngine.DebugLogHandler:LogFormat (UnityEngine.LogType,UnityEngine.Object,string,object[])
UnityEngine.Logger:Log (UnityEngine.LogType,object)
UnityEngine.Debug:LogError (object)
UnityEditor.Android.AndroidSDKTools:UpdateToolsDirectories ()
UnityEditor.Android.AndroidSDKTools:.ctor (string)
UnityEditor.Android.AndroidSDKTools:CreateAndroidSDKTools (string)
UnityEditor.Android.AndroidSDKTools:GetInstance<UnityEditor.Android.AndroidSDKTools> (UnityEditor.Android.AndroidSDKTools/InstanceCreator)
UnityEditor.Android.AndroidSDKTools:GetInstance ()
UnityEditor.Android.AndroidDeploymentTargetsExtension:GetMainThreadContext (bool)
UnityEditor.Android.TargetExtension:OnUsbDevicesChanged (UnityEditor.Hardware.UsbDevice[])
UnityEditor.Android.TargetExtension:OnLoad ()
UnityEditor.Modules.ModuleManager:InitializePlatformSupportModules ()

Android Extension - Scanning For ADB Devices 384 ms
Native extension for OSXStandalone target not found
Native extension for WebGL target not found
Refreshing native plugins compatible for Editor in 71.98 ms, found 4 plugins.
Preloading 0 native plugins for Editor in 0.00 ms.
Mono: successfully reloaded assembly
- Completed reload, in  6.068 seconds
Domain Reload Profiling:
	ReloadAssembly (6068ms)
		BeginReloadAssembly (3414ms)
=======
Android Extension - Scanning For ADB Devices 337 ms
Native extension for OSXStandalone target not found
Native extension for WebGL target not found
Refreshing native plugins compatible for Editor in 83.24 ms, found 4 plugins.
Preloading 0 native plugins for Editor in 0.00 ms.
Mono: successfully reloaded assembly
- Completed reload, in  1.520 seconds
Domain Reload Profiling:
	ReloadAssembly (1520ms)
		BeginReloadAssembly (215ms)
>>>>>>> 0a20391f08465245f6ad1589cc781bbb01a47fd8
			ExecutionOrderSort (0ms)
			DisableScriptedObjects (0ms)
			BackupInstance (0ms)
			ReleaseScriptingObjects (0ms)
			CreateAndSetChildDomain (1ms)
<<<<<<< HEAD
		EndReloadAssembly (1944ms)
			LoadAssemblies (3432ms)
			RebuildTransferFunctionScriptingTraits (0ms)
			SetupTypeCache (1106ms)
			ReleaseScriptCaches (0ms)
			RebuildScriptCaches (23ms)
			SetupLoadedEditorAssemblies (750ms)
				LogAssemblyErrors (0ms)
				InitializePlatformSupportModulesInManaged (567ms)
				SetLoadedEditorAssemblies (0ms)
				RefreshPlugins (72ms)
				BeforeProcessingInitializeOnLoad (1ms)
				ProcessInitializeOnLoadAttributes (68ms)
				ProcessInitializeOnLoadMethodAttributes (42ms)
=======
		EndReloadAssembly (1127ms)
			LoadAssemblies (226ms)
			RebuildTransferFunctionScriptingTraits (0ms)
			SetupTypeCache (279ms)
			ReleaseScriptCaches (0ms)
			RebuildScriptCaches (38ms)
			SetupLoadedEditorAssemblies (713ms)
				LogAssemblyErrors (0ms)
				InitializePlatformSupportModulesInManaged (470ms)
				SetLoadedEditorAssemblies (0ms)
				RefreshPlugins (83ms)
				BeforeProcessingInitializeOnLoad (1ms)
				ProcessInitializeOnLoadAttributes (110ms)
				ProcessInitializeOnLoadMethodAttributes (48ms)
>>>>>>> 0a20391f08465245f6ad1589cc781bbb01a47fd8
				AfterProcessingInitializeOnLoad (0ms)
				EditorAssembliesLoaded (0ms)
			ExecutionOrderSort2 (0ms)
			AwakeInstancesAfterBackupRestoration (0ms)
Platform modules already initialized, skipping
Registering precompiled user dll's ...
<<<<<<< HEAD
Registered in 0.984773 seconds.
=======
Registered in 0.004014 seconds.
>>>>>>> 0a20391f08465245f6ad1589cc781bbb01a47fd8
Begin MonoManager ReloadAssembly
Symbol file LoadedFromMemory doesn't match image D:\Unity Projects\phowobos\Gaem\Library\PackageCache\com.unity.visualscripting@1.8.0\Editor\VisualScripting.Core\Dependencies\YamlDotNet\Unity.VisualScripting.YamlDotNet.dll
Symbol file LoadedFromMemory doesn't match image D:\Unity Projects\phowobos\Gaem\Library\PackageCache\com.unity.visualscripting@1.8.0\Editor\VisualScripting.Core\Dependencies\DotNetZip\Unity.VisualScripting.IonicZip.dll
Native extension for UWP target not found
Native extension for LinuxStandalone target not found
Native extension for WindowsStandalone target not found
Native extension for AppleTV target not found
Native extension for iOS target not found
Native extension for Android target not found
Native extension for OSXStandalone target not found
Native extension for WebGL target not found
<<<<<<< HEAD
Refreshing native plugins compatible for Editor in 66.64 ms, found 4 plugins.
Preloading 0 native plugins for Editor in 0.00 ms.
Mono: successfully reloaded assembly
- Completed reload, in  5.004 seconds
Domain Reload Profiling:
	ReloadAssembly (5005ms)
		BeginReloadAssembly (97ms)
=======
Refreshing native plugins compatible for Editor in 88.83 ms, found 4 plugins.
Preloading 0 native plugins for Editor in 0.00 ms.
Mono: successfully reloaded assembly
- Completed reload, in  1.645 seconds
Domain Reload Profiling:
	ReloadAssembly (1646ms)
		BeginReloadAssembly (129ms)
>>>>>>> 0a20391f08465245f6ad1589cc781bbb01a47fd8
			ExecutionOrderSort (0ms)
			DisableScriptedObjects (7ms)
			BackupInstance (0ms)
			ReleaseScriptingObjects (0ms)
<<<<<<< HEAD
			CreateAndSetChildDomain (20ms)
		EndReloadAssembly (4788ms)
			LoadAssemblies (3685ms)
			RebuildTransferFunctionScriptingTraits (0ms)
			SetupTypeCache (587ms)
			ReleaseScriptCaches (1ms)
			RebuildScriptCaches (37ms)
			SetupLoadedEditorAssemblies (447ms)
				LogAssemblyErrors (0ms)
				InitializePlatformSupportModulesInManaged (26ms)
				SetLoadedEditorAssemblies (0ms)
				RefreshPlugins (67ms)
				BeforeProcessingInitializeOnLoad (81ms)
				ProcessInitializeOnLoadAttributes (237ms)
				ProcessInitializeOnLoadMethodAttributes (28ms)
				AfterProcessingInitializeOnLoad (7ms)
=======
			CreateAndSetChildDomain (22ms)
		EndReloadAssembly (1379ms)
			LoadAssemblies (184ms)
			RebuildTransferFunctionScriptingTraits (0ms)
			SetupTypeCache (447ms)
			ReleaseScriptCaches (1ms)
			RebuildScriptCaches (76ms)
			SetupLoadedEditorAssemblies (576ms)
				LogAssemblyErrors (0ms)
				InitializePlatformSupportModulesInManaged (51ms)
				SetLoadedEditorAssemblies (0ms)
				RefreshPlugins (89ms)
				BeforeProcessingInitializeOnLoad (112ms)
				ProcessInitializeOnLoadAttributes (275ms)
				ProcessInitializeOnLoadMethodAttributes (43ms)
				AfterProcessingInitializeOnLoad (6ms)
>>>>>>> 0a20391f08465245f6ad1589cc781bbb01a47fd8
				EditorAssembliesLoaded (0ms)
			ExecutionOrderSort2 (0ms)
			AwakeInstancesAfterBackupRestoration (6ms)
Platform modules already initialized, skipping
========================================================================
Worker process is ready to serve import requests
<<<<<<< HEAD
Launched and connected shader compiler UnityShaderCompiler.exe after 0.07 seconds
Refreshing native plugins compatible for Editor in 0.70 ms, found 4 plugins.
Preloading 0 native plugins for Editor in 0.00 ms.
Unloading 3747 Unused Serialized files (Serialized files now loaded: 0)
Unloading 41 unused Assets / (229.1 KB). Loaded Objects now: 4202.
Memory consumption went from 143.4 MB to 143.2 MB.
Total: 2.978400 ms (FindLiveObjects: 0.296800 ms CreateObjectMapping: 0.080000 ms MarkObjects: 2.484000 ms  DeleteObjects: 0.117100 ms)
=======
Launched and connected shader compiler UnityShaderCompiler.exe after 0.11 seconds
Refreshing native plugins compatible for Editor in 0.72 ms, found 4 plugins.
Preloading 0 native plugins for Editor in 0.00 ms.
Unloading 3747 Unused Serialized files (Serialized files now loaded: 0)
Unloading 35 unused Assets / (56.1 KB). Loaded Objects now: 4208.
Memory consumption went from 143.3 MB to 143.2 MB.
Total: 7.270900 ms (FindLiveObjects: 0.334100 ms CreateObjectMapping: 0.117300 ms MarkObjects: 6.729100 ms  DeleteObjects: 0.089700 ms)
>>>>>>> 0a20391f08465245f6ad1589cc781bbb01a47fd8

AssetImportParameters requested are different than current active one (requested -> active):
  custom:video-decoder-ogg-theora: a1e56fd34408186e4bbccfd4996cb3dc -> 
  custom:container-muxer-webm: aa71ff27fc2769a1b78a27578f13a17b -> 
  custom:container-demuxer-webm: 4f35f7cbe854078d1ac9338744f61a02 -> 
  custom:video-encoder-webm-vp8: eb34c28f22e8b96e1ab97ce403110664 -> 
  custom:audio-encoder-webm-vorbis: bf7c407c2cedff20999df2af8eb42d56 -> 
  custom:framework-win-MediaFoundation: 216162199b28c13a410421893ffa2e32 -> 
  custom:container-demuxer-ogg: 62fdf1f143b41e24485cea50d1cbac27 -> 
  custom:video-decoder-webm-vp8: 9c59270c3fd7afecdb556c50c9e8de78 -> 
  custom:audio-decoder-ogg-vorbis: bf7c407c2cedff20999df2af8eb42d56 -> 
========================================================================
<<<<<<< HEAD
Received Prepare
Registering precompiled user dll's ...
Registered in 0.004533 seconds.
Begin MonoManager ReloadAssembly
Symbol file LoadedFromMemory doesn't match image E:\Create With Code 2\phowobos\Gaem\Library\PackageCache\com.unity.visualscripting@1.8.0\Editor\VisualScripting.Core\Dependencies\YamlDotNet\Unity.VisualScripting.YamlDotNet.dll
Symbol file LoadedFromMemory doesn't match image E:\Create With Code 2\phowobos\Gaem\Library\PackageCache\com.unity.visualscripting@1.8.0\Editor\VisualScripting.Core\Dependencies\DotNetZip\Unity.VisualScripting.IonicZip.dll
Native extension for UWP target not found
Native extension for LinuxStandalone target not found
Native extension for WindowsStandalone target not found
Native extension for AppleTV target not found
Native extension for Android target not found
Native extension for OSXStandalone target not found
Native extension for WebGL target not found
Refreshing native plugins compatible for Editor in 0.82 ms, found 4 plugins.
Preloading 0 native plugins for Editor in 0.00 ms.
Mono: successfully reloaded assembly
- Completed reload, in  0.757 seconds
Domain Reload Profiling:
	ReloadAssembly (757ms)
		BeginReloadAssembly (120ms)
			ExecutionOrderSort (0ms)
			DisableScriptedObjects (5ms)
			BackupInstance (0ms)
			ReleaseScriptingObjects (0ms)
			CreateAndSetChildDomain (36ms)
		EndReloadAssembly (566ms)
			LoadAssemblies (84ms)
			RebuildTransferFunctionScriptingTraits (0ms)
			SetupTypeCache (162ms)
			ReleaseScriptCaches (1ms)
			RebuildScriptCaches (30ms)
			SetupLoadedEditorAssemblies (266ms)
				LogAssemblyErrors (0ms)
				InitializePlatformSupportModulesInManaged (33ms)
				SetLoadedEditorAssemblies (0ms)
				RefreshPlugins (1ms)
				BeforeProcessingInitializeOnLoad (65ms)
				ProcessInitializeOnLoadAttributes (136ms)
				ProcessInitializeOnLoadMethodAttributes (25ms)
				AfterProcessingInitializeOnLoad (6ms)
				EditorAssembliesLoaded (0ms)
			ExecutionOrderSort2 (0ms)
			AwakeInstancesAfterBackupRestoration (5ms)
Platform modules already initialized, skipping
Refreshing native plugins compatible for Editor in 1.68 ms, found 4 plugins.
Preloading 0 native plugins for Editor in 0.00 ms.
Unloading 3742 Unused Serialized files (Serialized files now loaded: 0)
Unloading 28 unused Assets / (195.6 KB). Loaded Objects now: 4205.
Memory consumption went from 142.9 MB to 142.7 MB.
Total: 3.493200 ms (FindLiveObjects: 0.259300 ms CreateObjectMapping: 0.173400 ms MarkObjects: 2.934900 ms  DeleteObjects: 0.124700 ms)

AssetImportParameters requested are different than current active one (requested -> active):
  custom:video-decoder-ogg-theora: a1e56fd34408186e4bbccfd4996cb3dc -> 
  custom:container-muxer-webm: aa71ff27fc2769a1b78a27578f13a17b -> 
  custom:container-demuxer-webm: 4f35f7cbe854078d1ac9338744f61a02 -> 
  custom:video-encoder-webm-vp8: eb34c28f22e8b96e1ab97ce403110664 -> 
  custom:audio-encoder-webm-vorbis: bf7c407c2cedff20999df2af8eb42d56 -> 
  custom:framework-win-MediaFoundation: 216162199b28c13a410421893ffa2e32 -> 
  custom:container-demuxer-ogg: 62fdf1f143b41e24485cea50d1cbac27 -> 
  custom:video-decoder-webm-vp8: 9c59270c3fd7afecdb556c50c9e8de78 -> 
  custom:audio-decoder-ogg-vorbis: bf7c407c2cedff20999df2af8eb42d56 -> 
========================================================================
Received Prepare
Registering precompiled user dll's ...
Registered in 0.004094 seconds.
Begin MonoManager ReloadAssembly
Symbol file LoadedFromMemory doesn't match image E:\Create With Code 2\phowobos\Gaem\Library\PackageCache\com.unity.visualscripting@1.8.0\Editor\VisualScripting.Core\Dependencies\YamlDotNet\Unity.VisualScripting.YamlDotNet.dll
Symbol file LoadedFromMemory doesn't match image E:\Create With Code 2\phowobos\Gaem\Library\PackageCache\com.unity.visualscripting@1.8.0\Editor\VisualScripting.Core\Dependencies\DotNetZip\Unity.VisualScripting.IonicZip.dll
Native extension for UWP target not found
Native extension for LinuxStandalone target not found
Native extension for WindowsStandalone target not found
Native extension for AppleTV target not found
Native extension for Android target not found
Native extension for OSXStandalone target not found
Native extension for WebGL target not found
Refreshing native plugins compatible for Editor in 0.75 ms, found 4 plugins.
Preloading 0 native plugins for Editor in 0.00 ms.
Mono: successfully reloaded assembly
- Completed reload, in  0.763 seconds
Domain Reload Profiling:
	ReloadAssembly (764ms)
		BeginReloadAssembly (116ms)
			ExecutionOrderSort (0ms)
			DisableScriptedObjects (5ms)
			BackupInstance (0ms)
			ReleaseScriptingObjects (0ms)
			CreateAndSetChildDomain (35ms)
		EndReloadAssembly (578ms)
			LoadAssemblies (77ms)
			RebuildTransferFunctionScriptingTraits (0ms)
			SetupTypeCache (173ms)
			ReleaseScriptCaches (1ms)
			RebuildScriptCaches (32ms)
			SetupLoadedEditorAssemblies (265ms)
				LogAssemblyErrors (0ms)
				InitializePlatformSupportModulesInManaged (28ms)
				SetLoadedEditorAssemblies (0ms)
				RefreshPlugins (1ms)
				BeforeProcessingInitializeOnLoad (65ms)
				ProcessInitializeOnLoadAttributes (139ms)
				ProcessInitializeOnLoadMethodAttributes (26ms)
				AfterProcessingInitializeOnLoad (7ms)
				EditorAssembliesLoaded (0ms)
			ExecutionOrderSort2 (0ms)
			AwakeInstancesAfterBackupRestoration (6ms)
Platform modules already initialized, skipping
Refreshing native plugins compatible for Editor in 1.92 ms, found 4 plugins.
Preloading 0 native plugins for Editor in 0.00 ms.
Unloading 3742 Unused Serialized files (Serialized files now loaded: 0)
Unloading 28 unused Assets / (195.5 KB). Loaded Objects now: 4208.
Memory consumption went from 142.9 MB to 142.7 MB.
Total: 3.028500 ms (FindLiveObjects: 0.254000 ms CreateObjectMapping: 0.186100 ms MarkObjects: 2.449700 ms  DeleteObjects: 0.137800 ms)

AssetImportParameters requested are different than current active one (requested -> active):
  custom:video-decoder-ogg-theora: a1e56fd34408186e4bbccfd4996cb3dc -> 
  custom:container-muxer-webm: aa71ff27fc2769a1b78a27578f13a17b -> 
  custom:container-demuxer-webm: 4f35f7cbe854078d1ac9338744f61a02 -> 
  custom:video-encoder-webm-vp8: eb34c28f22e8b96e1ab97ce403110664 -> 
  custom:audio-encoder-webm-vorbis: bf7c407c2cedff20999df2af8eb42d56 -> 
  custom:framework-win-MediaFoundation: 216162199b28c13a410421893ffa2e32 -> 
  custom:container-demuxer-ogg: 62fdf1f143b41e24485cea50d1cbac27 -> 
  custom:video-decoder-webm-vp8: 9c59270c3fd7afecdb556c50c9e8de78 -> 
  custom:audio-decoder-ogg-vorbis: bf7c407c2cedff20999df2af8eb42d56 -> 
========================================================================
Received Prepare
Registering precompiled user dll's ...
Registered in 0.003703 seconds.
Begin MonoManager ReloadAssembly
Symbol file LoadedFromMemory doesn't match image E:\Create With Code 2\phowobos\Gaem\Library\PackageCache\com.unity.visualscripting@1.8.0\Editor\VisualScripting.Core\Dependencies\YamlDotNet\Unity.VisualScripting.YamlDotNet.dll
Symbol file LoadedFromMemory doesn't match image E:\Create With Code 2\phowobos\Gaem\Library\PackageCache\com.unity.visualscripting@1.8.0\Editor\VisualScripting.Core\Dependencies\DotNetZip\Unity.VisualScripting.IonicZip.dll
Native extension for UWP target not found
Native extension for LinuxStandalone target not found
Native extension for WindowsStandalone target not found
Native extension for AppleTV target not found
Native extension for Android target not found
Native extension for OSXStandalone target not found
Native extension for WebGL target not found
Refreshing native plugins compatible for Editor in 0.69 ms, found 4 plugins.
Preloading 0 native plugins for Editor in 0.00 ms.
Mono: successfully reloaded assembly
- Completed reload, in  0.742 seconds
Domain Reload Profiling:
	ReloadAssembly (743ms)
		BeginReloadAssembly (109ms)
			ExecutionOrderSort (0ms)
			DisableScriptedObjects (6ms)
			BackupInstance (0ms)
			ReleaseScriptingObjects (0ms)
			CreateAndSetChildDomain (30ms)
		EndReloadAssembly (557ms)
			LoadAssemblies (73ms)
			RebuildTransferFunctionScriptingTraits (0ms)
			SetupTypeCache (167ms)
			ReleaseScriptCaches (1ms)
			RebuildScriptCaches (31ms)
			SetupLoadedEditorAssemblies (257ms)
				LogAssemblyErrors (0ms)
				InitializePlatformSupportModulesInManaged (27ms)
				SetLoadedEditorAssemblies (0ms)
				RefreshPlugins (1ms)
				BeforeProcessingInitializeOnLoad (60ms)
				ProcessInitializeOnLoadAttributes (137ms)
				ProcessInitializeOnLoadMethodAttributes (25ms)
				AfterProcessingInitializeOnLoad (6ms)
				EditorAssembliesLoaded (0ms)
			ExecutionOrderSort2 (0ms)
			AwakeInstancesAfterBackupRestoration (5ms)
Platform modules already initialized, skipping
Refreshing native plugins compatible for Editor in 1.96 ms, found 4 plugins.
Preloading 0 native plugins for Editor in 0.00 ms.
Unloading 3742 Unused Serialized files (Serialized files now loaded: 0)
Unloading 28 unused Assets / (195.7 KB). Loaded Objects now: 4211.
Memory consumption went from 142.9 MB to 142.8 MB.
Total: 2.938600 ms (FindLiveObjects: 0.244200 ms CreateObjectMapping: 0.146000 ms MarkObjects: 2.419300 ms  DeleteObjects: 0.128200 ms)

AssetImportParameters requested are different than current active one (requested -> active):
  custom:video-decoder-ogg-theora: a1e56fd34408186e4bbccfd4996cb3dc -> 
  custom:container-muxer-webm: aa71ff27fc2769a1b78a27578f13a17b -> 
  custom:container-demuxer-webm: 4f35f7cbe854078d1ac9338744f61a02 -> 
  custom:video-encoder-webm-vp8: eb34c28f22e8b96e1ab97ce403110664 -> 
  custom:audio-encoder-webm-vorbis: bf7c407c2cedff20999df2af8eb42d56 -> 
  custom:framework-win-MediaFoundation: 216162199b28c13a410421893ffa2e32 -> 
  custom:container-demuxer-ogg: 62fdf1f143b41e24485cea50d1cbac27 -> 
  custom:video-decoder-webm-vp8: 9c59270c3fd7afecdb556c50c9e8de78 -> 
  custom:audio-decoder-ogg-vorbis: bf7c407c2cedff20999df2af8eb42d56 -> 
=======
Received Import Request.
  Time since last request: 264742.667911 seconds.
  path: Assets/PNGs and JPEGs/Stone Tiles.prefab
  artifactKey: Guid(9611ba1eb7eeb5f4bab0473c9c160fe7) Importer(815301076,1909f56bfc062723c751e8b465ee728b)
Start importing Assets/PNGs and JPEGs/Stone Tiles.prefab using Guid(9611ba1eb7eeb5f4bab0473c9c160fe7) Importer(815301076,1909f56bfc062723c751e8b465ee728b)  -> (artifact id: '68b29800690710a8f18ee07c4472dd06') in 0.109028 seconds 
========================================================================
Received Import Request.
  Time since last request: 0.918651 seconds.
  path: Assets
  artifactKey: Guid(00000000000000001000000000000000) Importer(815301076,1909f56bfc062723c751e8b465ee728b)
Start importing Assets using Guid(00000000000000001000000000000000) Importer(815301076,1909f56bfc062723c751e8b465ee728b)  -> (artifact id: '79842766b460edbeab6a34051e857a80') in 0.005740 seconds 
========================================================================
Received Import Request.
  Time since last request: 70.476403 seconds.
  path: Assets/HELLBERG/2D Swords & Guns Weapon Pack
  artifactKey: Guid(e1752eb1b22a6e249b06b0aa33572444) Importer(815301076,1909f56bfc062723c751e8b465ee728b)
Start importing Assets/HELLBERG/2D Swords & Guns Weapon Pack using Guid(e1752eb1b22a6e249b06b0aa33572444) Importer(815301076,1909f56bfc062723c751e8b465ee728b)  -> (artifact id: '24a7c7110efc3637c894124a213b5677') in 0.005476 seconds 
========================================================================
Received Import Request.
  Time since last request: 2.774264 seconds.
  path: Assets/HELLBERG/2D Swords & Guns Weapon Pack/2D Swords & Guns
  artifactKey: Guid(1d431631307344b4aa536054ae6b803e) Importer(815301076,1909f56bfc062723c751e8b465ee728b)
Start importing Assets/HELLBERG/2D Swords & Guns Weapon Pack/2D Swords & Guns using Guid(1d431631307344b4aa536054ae6b803e) Importer(815301076,1909f56bfc062723c751e8b465ee728b)  -> (artifact id: '01e8403d92a198ec70a03ab7e9c8f03e') in 0.005399 seconds 
========================================================================
Received Import Request.
  Time since last request: 0.708439 seconds.
  path: Assets/HELLBERG/2D Swords & Guns Weapon Pack/2D Swords & Guns/Volume1 - Swords & Guns
  artifactKey: Guid(c73f96c9b49c9614691539cff0620abe) Importer(815301076,1909f56bfc062723c751e8b465ee728b)
Start importing Assets/HELLBERG/2D Swords & Guns Weapon Pack/2D Swords & Guns/Volume1 - Swords & Guns using Guid(c73f96c9b49c9614691539cff0620abe) Importer(815301076,1909f56bfc062723c751e8b465ee728b)  -> (artifact id: 'fc2ad9815b13fb4b4e337504c55637de') in 0.005453 seconds 
========================================================================
Received Import Request.
  Time since last request: 1.277441 seconds.
  path: Assets/HELLBERG/2D Swords & Guns Weapon Pack/2D Swords & Guns/Volume1 - Swords & Guns/Scenes
  artifactKey: Guid(6b52b99af3eb3044cbd936b4b1a1c376) Importer(815301076,1909f56bfc062723c751e8b465ee728b)
Start importing Assets/HELLBERG/2D Swords & Guns Weapon Pack/2D Swords & Guns/Volume1 - Swords & Guns/Scenes using Guid(6b52b99af3eb3044cbd936b4b1a1c376) Importer(815301076,1909f56bfc062723c751e8b465ee728b)  -> (artifact id: 'a60117c34cc653c48de6d0dd5134c364') in 0.005750 seconds 
========================================================================
Received Import Request.
  Time since last request: 1.728450 seconds.
  path: Assets/HELLBERG/2D Swords & Guns Weapon Pack/2D Swords & Guns/Volume1 - Swords & Guns/Scenes/Scene-Rifles.unity
  artifactKey: Guid(14001b9bae0dab74b9184cb2ab75b2d0) Importer(815301076,1909f56bfc062723c751e8b465ee728b)
Start importing Assets/HELLBERG/2D Swords & Guns Weapon Pack/2D Swords & Guns/Volume1 - Swords & Guns/Scenes/Scene-Rifles.unity using Guid(14001b9bae0dab74b9184cb2ab75b2d0) Importer(815301076,1909f56bfc062723c751e8b465ee728b)  -> (artifact id: '1bb636e36dc75b8b4200d85a096da1e6') in 0.005691 seconds 
========================================================================
Received Import Request.
  Time since last request: 4.840633 seconds.
  path: Assets/HELLBERG/2D Swords & Guns Weapon Pack/2D Swords & Guns/Volume1 - Swords & Guns/Sprites
  artifactKey: Guid(68e21040fc2377548a3df506d90a15fd) Importer(815301076,1909f56bfc062723c751e8b465ee728b)
Start importing Assets/HELLBERG/2D Swords & Guns Weapon Pack/2D Swords & Guns/Volume1 - Swords & Guns/Sprites using Guid(68e21040fc2377548a3df506d90a15fd) Importer(815301076,1909f56bfc062723c751e8b465ee728b)  -> (artifact id: '1e2d3a1f197bdaf6bd3af0a030d05e27') in 0.005445 seconds 
========================================================================
Received Import Request.
  Time since last request: 1.353756 seconds.
  path: Assets/HELLBERG/2D Swords & Guns Weapon Pack/2D Swords & Guns/Volume1 - Swords & Guns/Sprites/Guns
  artifactKey: Guid(c2ee747b4af639d428b3e72996b8247d) Importer(815301076,1909f56bfc062723c751e8b465ee728b)
Start importing Assets/HELLBERG/2D Swords & Guns Weapon Pack/2D Swords & Guns/Volume1 - Swords & Guns/Sprites/Guns using Guid(c2ee747b4af639d428b3e72996b8247d) Importer(815301076,1909f56bfc062723c751e8b465ee728b)  -> (artifact id: 'f3e15e761053871152d77463e40c6089') in 0.005749 seconds 
========================================================================
Received Import Request.
  Time since last request: 0.054804 seconds.
  path: Assets/HELLBERG/2D Swords & Guns Weapon Pack/2D Swords & Guns/Volume1 - Swords & Guns/Sprites/Guns/gun_0.png
  artifactKey: Guid(a009e039a4bde9043a5bcdfb7f83f836) Importer(815301076,1909f56bfc062723c751e8b465ee728b)
Start importing Assets/HELLBERG/2D Swords & Guns Weapon Pack/2D Swords & Guns/Volume1 - Swords & Guns/Sprites/Guns/gun_0.png using Guid(a009e039a4bde9043a5bcdfb7f83f836) Importer(815301076,1909f56bfc062723c751e8b465ee728b)  -> (artifact id: '73a3ac11abfe1b5069099889566122d0') in 0.041735 seconds 
========================================================================
Received Import Request.
  Time since last request: 0.005200 seconds.
  path: Assets/HELLBERG/2D Swords & Guns Weapon Pack/2D Swords & Guns/Volume1 - Swords & Guns/Sprites/Guns/gun_6.png
  artifactKey: Guid(6f811907ffa94294781fb8f278378afe) Importer(815301076,1909f56bfc062723c751e8b465ee728b)
Start importing Assets/HELLBERG/2D Swords & Guns Weapon Pack/2D Swords & Guns/Volume1 - Swords & Guns/Sprites/Guns/gun_6.png using Guid(6f811907ffa94294781fb8f278378afe) Importer(815301076,1909f56bfc062723c751e8b465ee728b)  -> (artifact id: 'a35da081d195a6829334d93bac9ca78a') in 0.023852 seconds 
========================================================================
Received Import Request.
  Time since last request: 0.003890 seconds.
  path: Assets/HELLBERG/2D Swords & Guns Weapon Pack/2D Swords & Guns/Volume1 - Swords & Guns/Sprites/Guns/gun_4.png
  artifactKey: Guid(614a433953b261f4a9f0b3212a246036) Importer(815301076,1909f56bfc062723c751e8b465ee728b)
Start importing Assets/HELLBERG/2D Swords & Guns Weapon Pack/2D Swords & Guns/Volume1 - Swords & Guns/Sprites/Guns/gun_4.png using Guid(614a433953b261f4a9f0b3212a246036) Importer(815301076,1909f56bfc062723c751e8b465ee728b)  -> (artifact id: '3cb7e61d9cdd8ceb0606f9772ecefca0') in 0.025470 seconds 
========================================================================
Received Import Request.
  Time since last request: 0.000026 seconds.
  path: Assets/HELLBERG/2D Swords & Guns Weapon Pack/2D Swords & Guns/Volume1 - Swords & Guns/Sprites/Guns/gun_7.png
  artifactKey: Guid(930458af1ea9c904799fad1b4b556673) Importer(815301076,1909f56bfc062723c751e8b465ee728b)
Start importing Assets/HELLBERG/2D Swords & Guns Weapon Pack/2D Swords & Guns/Volume1 - Swords & Guns/Sprites/Guns/gun_7.png using Guid(930458af1ea9c904799fad1b4b556673) Importer(815301076,1909f56bfc062723c751e8b465ee728b)  -> (artifact id: '362ec97dbf9d62f8aea08b4af0eab07d') in 0.021322 seconds 
========================================================================
Received Import Request.
  Time since last request: 0.000020 seconds.
  path: Assets/HELLBERG/2D Swords & Guns Weapon Pack/2D Swords & Guns/Volume1 - Swords & Guns/Sprites/Guns/gun_9.png
  artifactKey: Guid(99bf5cc315c230c48a40eaeb04a1af85) Importer(815301076,1909f56bfc062723c751e8b465ee728b)
Start importing Assets/HELLBERG/2D Swords & Guns Weapon Pack/2D Swords & Guns/Volume1 - Swords & Guns/Sprites/Guns/gun_9.png using Guid(99bf5cc315c230c48a40eaeb04a1af85) Importer(815301076,1909f56bfc062723c751e8b465ee728b)  -> (artifact id: '873733e59ef0a679f522403c88f61511') in 0.024949 seconds 
========================================================================
Received Import Request.
  Time since last request: 0.000031 seconds.
  path: Assets/HELLBERG/2D Swords & Guns Weapon Pack/2D Swords & Guns/Volume1 - Swords & Guns/Sprites/Guns/gun_14.png
  artifactKey: Guid(f04e413cc5e9ae0499f88c72f86adc42) Importer(815301076,1909f56bfc062723c751e8b465ee728b)
Start importing Assets/HELLBERG/2D Swords & Guns Weapon Pack/2D Swords & Guns/Volume1 - Swords & Guns/Sprites/Guns/gun_14.png using Guid(f04e413cc5e9ae0499f88c72f86adc42) Importer(815301076,1909f56bfc062723c751e8b465ee728b)  -> (artifact id: '23112c263d88fdbe7f1fe4f3032de58d') in 0.025397 seconds 
========================================================================
Received Import Request.
  Time since last request: 0.000042 seconds.
  path: Assets/HELLBERG/2D Swords & Guns Weapon Pack/2D Swords & Guns/Volume1 - Swords & Guns/Sprites/Guns/gun_19.png
  artifactKey: Guid(70a022adc222f0d48a56029dbe4e7053) Importer(815301076,1909f56bfc062723c751e8b465ee728b)
Start importing Assets/HELLBERG/2D Swords & Guns Weapon Pack/2D Swords & Guns/Volume1 - Swords & Guns/Sprites/Guns/gun_19.png using Guid(70a022adc222f0d48a56029dbe4e7053) Importer(815301076,1909f56bfc062723c751e8b465ee728b)  -> (artifact id: 'a73aa8bc686e1d8e6c20f19f780628c8') in 0.031635 seconds 
========================================================================
Received Import Request.
  Time since last request: 0.000032 seconds.
  path: Assets/HELLBERG/2D Swords & Guns Weapon Pack/2D Swords & Guns/Volume1 - Swords & Guns/Sprites/Guns/gun_10.png
  artifactKey: Guid(e6eafbfc2ec676b4ebb926f29077c19f) Importer(815301076,1909f56bfc062723c751e8b465ee728b)
Start importing Assets/HELLBERG/2D Swords & Guns Weapon Pack/2D Swords & Guns/Volume1 - Swords & Guns/Sprites/Guns/gun_10.png using Guid(e6eafbfc2ec676b4ebb926f29077c19f) Importer(815301076,1909f56bfc062723c751e8b465ee728b)  -> (artifact id: 'f0118f2e572a7b3b1bb65827873acf92') in 0.023371 seconds 
========================================================================
Received Import Request.
  Time since last request: 0.000025 seconds.
  path: Assets/HELLBERG/2D Swords & Guns Weapon Pack/2D Swords & Guns/Volume1 - Swords & Guns/Sprites/Guns/gun_20.png
  artifactKey: Guid(4646c96d478afe446913e740b950a5ad) Importer(815301076,1909f56bfc062723c751e8b465ee728b)
Start importing Assets/HELLBERG/2D Swords & Guns Weapon Pack/2D Swords & Guns/Volume1 - Swords & Guns/Sprites/Guns/gun_20.png using Guid(4646c96d478afe446913e740b950a5ad) Importer(815301076,1909f56bfc062723c751e8b465ee728b)  -> (artifact id: '3d882505de44da6b1891f263c308682e') in 0.024366 seconds 
========================================================================
Received Import Request.
  Time since last request: 0.000039 seconds.
  path: Assets/HELLBERG/2D Swords & Guns Weapon Pack/2D Swords & Guns/Volume1 - Swords & Guns/Sprites/Guns/gun_16.png
  artifactKey: Guid(b2a4182647b5dc44d9c51f95c264ef63) Importer(815301076,1909f56bfc062723c751e8b465ee728b)
Start importing Assets/HELLBERG/2D Swords & Guns Weapon Pack/2D Swords & Guns/Volume1 - Swords & Guns/Sprites/Guns/gun_16.png using Guid(b2a4182647b5dc44d9c51f95c264ef63) Importer(815301076,1909f56bfc062723c751e8b465ee728b)  -> (artifact id: '031a3f197f0d109c6159487095f2093a') in 0.022469 seconds 
========================================================================
Received Import Request.
  Time since last request: 0.000014 seconds.
  path: Assets/HELLBERG/2D Swords & Guns Weapon Pack/2D Swords & Guns/Volume1 - Swords & Guns/Sprites/Guns/gun_23.png
  artifactKey: Guid(ab803435bec1b9b4bb8ae665cad84a5f) Importer(815301076,1909f56bfc062723c751e8b465ee728b)
Start importing Assets/HELLBERG/2D Swords & Guns Weapon Pack/2D Swords & Guns/Volume1 - Swords & Guns/Sprites/Guns/gun_23.png using Guid(ab803435bec1b9b4bb8ae665cad84a5f) Importer(815301076,1909f56bfc062723c751e8b465ee728b)  -> (artifact id: 'bd793246bfe006872f9ad05c39bec396') in 0.018839 seconds 
========================================================================
Received Import Request.
  Time since last request: 0.000025 seconds.
  path: Assets/HELLBERG/2D Swords & Guns Weapon Pack/2D Swords & Guns/Volume1 - Swords & Guns/Sprites/Guns/gun_22.png
  artifactKey: Guid(2de8ac89a2f98d9489fe76a14cde9745) Importer(815301076,1909f56bfc062723c751e8b465ee728b)
Start importing Assets/HELLBERG/2D Swords & Guns Weapon Pack/2D Swords & Guns/Volume1 - Swords & Guns/Sprites/Guns/gun_22.png using Guid(2de8ac89a2f98d9489fe76a14cde9745) Importer(815301076,1909f56bfc062723c751e8b465ee728b)  -> (artifact id: '590d8233d121ba5bed24dce3abd9532e') in 0.018696 seconds 
========================================================================
Received Import Request.
  Time since last request: 0.000027 seconds.
  path: Assets/HELLBERG/2D Swords & Guns Weapon Pack/2D Swords & Guns/Volume1 - Swords & Guns/Sprites/Guns/gun_26.png
  artifactKey: Guid(ffbef45c9bd5a594592099d60152b93c) Importer(815301076,1909f56bfc062723c751e8b465ee728b)
Start importing Assets/HELLBERG/2D Swords & Guns Weapon Pack/2D Swords & Guns/Volume1 - Swords & Guns/Sprites/Guns/gun_26.png using Guid(ffbef45c9bd5a594592099d60152b93c) Importer(815301076,1909f56bfc062723c751e8b465ee728b)  -> (artifact id: 'f6291f1118375f701aae35c597e5b36c') in 0.019394 seconds 
========================================================================
Received Import Request.
  Time since last request: 0.000031 seconds.
  path: Assets/HELLBERG/2D Swords & Guns Weapon Pack/2D Swords & Guns/Volume1 - Swords & Guns/Sprites/Guns/gun_8.png
  artifactKey: Guid(4ec192a64632a2a47b5ca7abbe54b5b0) Importer(815301076,1909f56bfc062723c751e8b465ee728b)
Start importing Assets/HELLBERG/2D Swords & Guns Weapon Pack/2D Swords & Guns/Volume1 - Swords & Guns/Sprites/Guns/gun_8.png using Guid(4ec192a64632a2a47b5ca7abbe54b5b0) Importer(815301076,1909f56bfc062723c751e8b465ee728b)  -> (artifact id: '924c2dc74b01bf3b3252a4a40a8bf35b') in 0.021366 seconds 
========================================================================
Received Import Request.
  Time since last request: 0.000029 seconds.
  path: Assets/HELLBERG/2D Swords & Guns Weapon Pack/2D Swords & Guns/Volume1 - Swords & Guns/Sprites/Guns/gun_11.png
  artifactKey: Guid(a90e2189a2dd8774bbdae42b1d09498c) Importer(815301076,1909f56bfc062723c751e8b465ee728b)
Start importing Assets/HELLBERG/2D Swords & Guns Weapon Pack/2D Swords & Guns/Volume1 - Swords & Guns/Sprites/Guns/gun_11.png using Guid(a90e2189a2dd8774bbdae42b1d09498c) Importer(815301076,1909f56bfc062723c751e8b465ee728b)  -> (artifact id: '2960e04a8d6cfc004511b79fd77e7b3f') in 0.022507 seconds 
========================================================================
Received Import Request.
  Time since last request: 0.000036 seconds.
  path: Assets/HELLBERG/2D Swords & Guns Weapon Pack/2D Swords & Guns/Volume1 - Swords & Guns/Sprites/Guns/gun_15.png
  artifactKey: Guid(778954da45083194baf5e04bb29ae0e6) Importer(815301076,1909f56bfc062723c751e8b465ee728b)
Start importing Assets/HELLBERG/2D Swords & Guns Weapon Pack/2D Swords & Guns/Volume1 - Swords & Guns/Sprites/Guns/gun_15.png using Guid(778954da45083194baf5e04bb29ae0e6) Importer(815301076,1909f56bfc062723c751e8b465ee728b)  -> (artifact id: 'edbc122eb2cd0f6d99aba77799f9d5bd') in 0.020693 seconds 
Editor requested this worker to shutdown with reason: Scaling down because of idle timeout
AssetImportWorker is now disconnected from the server
Process exiting
Exiting without the bug reporter. Application will terminate with return code 0
>>>>>>> 0a20391f08465245f6ad1589cc781bbb01a47fd8
